2019-05-13 05:27:50 INFO  Car - Speed:   0.0; Angle:   EAST; Position:   2,3; Parcels:      0; Health: 100.0; Health Usage: 100.0; Fuel: 250.0; Tile: START
2019-05-13 05:27:50 INFO  Car - Speed:   0.0; Angle:   EAST; Position:   2,3; Parcels:      0; Health: 100.0; Health Usage: 100.0; Fuel: 250.0; Tile: START
2019-05-13 05:27:50 INFO  Car - Speed:   0.0; Angle:   EAST; Position:   2,3; Parcels:      0; Health: 100.0; Health Usage: 100.0; Fuel: 250.0; Tile: START
2019-05-13 05:27:51 INFO  Car - Speed:   0.0; Angle:   EAST; Position:   2,3; Parcels:      0; Health: 100.0; Health Usage: 100.0; Fuel: 250.0; Tile: START
2019-05-13 05:27:51 INFO  Car - Speed:   0.0; Angle:   EAST; Position:   2,3; Parcels:      0; Health: 100.0; Health Usage: 100.0; Fuel: 250.0; Tile: START
2019-05-13 05:27:51 INFO  Car - Speed:   0.0; Angle:   EAST; Position:   2,3; Parcels:      0; Health: 100.0; Health Usage: 100.0; Fuel: 250.0; Tile: START
2019-05-13 05:27:51 INFO  Car - Speed:   0.0; Angle:   EAST; Position:   2,3; Parcels:      0; Health: 100.0; Health Usage: 100.0; Fuel: 250.0; Tile: START
2019-05-13 05:27:52 INFO  Car - Speed:   0.0; Angle:   EAST; Position:   2,3; Parcels:      0; Health: 100.0; Health Usage: 100.0; Fuel: 250.0; Tile: START
2019-05-13 05:27:52 INFO  Car - Speed:   1.0; Angle:   EAST; Position:   3,3; Parcels:      0; Health: 100.0; Health Usage: 100.0; Fuel: 249.0; Tile: ROAD
2019-05-13 05:27:52 INFO  Car - Speed:   1.0; Angle:   EAST; Position:   4,3; Parcels:      0; Health: 100.0; Health Usage: 100.0; Fuel: 248.0; Tile: ROAD
2019-05-13 05:27:52 INFO  Car - Speed:   1.0; Angle:   EAST; Position:   5,3; Parcels:      0; Health: 100.0; Health Usage: 100.0; Fuel: 247.0; Tile: ROAD
2019-05-13 05:27:53 INFO  Car - Speed:   1.0; Angle:   EAST; Position:   6,3; Parcels:      0; Health: 100.0; Health Usage: 100.0; Fuel: 246.0; Tile: ROAD
2019-05-13 05:27:53 INFO  Car - Speed:   1.0; Angle:   EAST; Position:   7,3; Parcels:      0; Health: 100.0; Health Usage: 100.0; Fuel: 245.0; Tile: ROAD
2019-05-13 05:27:53 INFO  Car - Speed:   1.0; Angle:  NORTH; Position:   7,4; Parcels:      0; Health: 100.0; Health Usage: 100.0; Fuel: 244.0; Tile: ROAD
2019-05-13 05:27:53 INFO  Car - Speed:   1.0; Angle:  NORTH; Position:   7,5; Parcels:      0; Health: 100.0; Health Usage: 100.0; Fuel: 243.0; Tile: ROAD
2019-05-13 05:27:54 INFO  Car - Speed:   1.0; Angle:  NORTH; Position:   7,6; Parcels:      0; Health: 100.0; Health Usage: 100.0; Fuel: 242.0; Tile: ROAD
2019-05-13 05:27:54 INFO  Car - Speed:   1.0; Angle:  NORTH; Position:   7,7; Parcels:      0; Health: 100.0; Health Usage: 100.0; Fuel: 241.0; Tile: ROAD
2019-05-13 05:27:54 INFO  Car - Speed:   1.0; Angle:  NORTH; Position:   7,8; Parcels:      0; Health: 100.0; Health Usage: 100.0; Fuel: 240.0; Tile: ROAD
2019-05-13 05:27:54 INFO  Car - Speed:   1.0; Angle:  NORTH; Position:   7,9; Parcels:      0; Health: 100.0; Health Usage: 100.0; Fuel: 239.0; Tile: ROAD
2019-05-13 05:27:55 INFO  Car - Speed:   1.0; Angle:   EAST; Position:   8,9; Parcels:      0; Health: 100.0; Health Usage: 100.0; Fuel: 238.0; Tile: ROAD
2019-05-13 05:27:55 INFO  Car - Speed:   1.0; Angle:   EAST; Position:   9,9; Parcels:      0; Health: 101.3; Health Usage: 101.25; Fuel: 237.0; Tile: TRAP(health)
2019-05-13 05:27:55 INFO  Car - Speed:   1.0; Angle:   EAST; Position:  10,9; Parcels:      0; Health: 102.5; Health Usage: 102.5; Fuel: 236.0; Tile: TRAP(health)
2019-05-13 05:27:55 INFO  Car - Speed:   1.0; Angle:   EAST; Position:  11,9; Parcels:      0; Health: 103.8; Health Usage: 103.75; Fuel: 235.0; Tile: TRAP(health)
2019-05-13 05:27:56 INFO  Car - Speed:   1.0; Angle:  SOUTH; Position:  11,8; Parcels:      0; Health: 105.0; Health Usage: 105.0; Fuel: 234.0; Tile: TRAP(health)
2019-05-13 05:27:56 INFO  Car - Speed:   1.0; Angle:   WEST; Position:  10,8; Parcels:      0; Health: 106.3; Health Usage: 106.25; Fuel: 233.0; Tile: TRAP(health)
2019-05-13 05:27:56 INFO  Car - Speed:   1.0; Angle:   WEST; Position:   9,8; Parcels:      0; Health: 107.5; Health Usage: 107.5; Fuel: 232.0; Tile: TRAP(health)
2019-05-13 05:27:56 INFO  Car - Speed:   1.0; Angle:   WEST; Position:   8,8; Parcels:      0; Health: 107.5; Health Usage: 107.5; Fuel: 231.0; Tile: ROAD
2019-05-13 05:27:57 INFO  Car - Speed:   1.0; Angle:   WEST; Position:   7,8; Parcels:      0; Health: 107.5; Health Usage: 107.5; Fuel: 230.0; Tile: ROAD
2019-05-13 05:27:57 INFO  Car - Speed:   1.0; Angle:  NORTH; Position:   7,9; Parcels:      0; Health: 107.5; Health Usage: 107.5; Fuel: 229.0; Tile: ROAD
2019-05-13 05:27:57 INFO  Car - Speed:   1.0; Angle:  NORTH; Position:  7,10; Parcels:      0; Health: 107.5; Health Usage: 107.5; Fuel: 228.0; Tile: ROAD
2019-05-13 05:27:57 INFO  Car - Speed:   1.0; Angle:  NORTH; Position:  7,11; Parcels:      0; Health: 107.5; Health Usage: 107.5; Fuel: 227.0; Tile: ROAD
2019-05-13 05:27:58 INFO  Car - Speed:   1.0; Angle:  NORTH; Position:  7,12; Parcels:      0; Health: 107.5; Health Usage: 107.5; Fuel: 226.0; Tile: ROAD
2019-05-13 05:27:58 INFO  Car - Speed:   1.0; Angle:  NORTH; Position:  7,13; Parcels:      0; Health: 107.5; Health Usage: 107.5; Fuel: 225.0; Tile: ROAD
2019-05-13 05:27:58 INFO  Car - Speed:   1.0; Angle:  NORTH; Position:  7,14; Parcels:      0; Health: 107.5; Health Usage: 107.5; Fuel: 224.0; Tile: ROAD
2019-05-13 05:27:58 INFO  Car - Speed:   1.0; Angle:   WEST; Position:  6,14; Parcels:      0; Health: 107.5; Health Usage: 107.5; Fuel: 223.0; Tile: ROAD
2019-05-13 05:27:59 INFO  Car - Speed:   1.0; Angle:   WEST; Position:  5,14; Parcels:      0; Health: 107.5; Health Usage: 107.5; Fuel: 222.0; Tile: ROAD
2019-05-13 05:27:59 INFO  Car - Speed:   1.0; Angle:  NORTH; Position:  5,15; Parcels:      1; Health: 107.5; Health Usage: 107.5; Fuel: 221.0; Tile: ROAD
2019-05-13 05:27:59 INFO  Car - Speed:   1.0; Angle:  NORTH; Position:  5,16; Parcels:      1; Health: 107.5; Health Usage: 107.5; Fuel: 220.0; Tile: ROAD
2019-05-13 05:27:59 INFO  Car - Speed:   1.0; Angle:   EAST; Position:  6,16; Parcels:      1; Health: 107.5; Health Usage: 107.5; Fuel: 219.0; Tile: ROAD
2019-05-13 05:28:00 INFO  Car - Speed:   1.0; Angle:  SOUTH; Position:  6,15; Parcels:      1; Health: 107.5; Health Usage: 107.5; Fuel: 218.0; Tile: ROAD
2019-05-13 05:28:00 INFO  Car - Speed:   1.0; Angle:  SOUTH; Position:  6,14; Parcels:      1; Health: 107.5; Health Usage: 107.5; Fuel: 217.0; Tile: ROAD
2019-05-13 05:28:00 INFO  Car - Speed:   1.0; Angle:  SOUTH; Position:  6,13; Parcels:      1; Health: 107.5; Health Usage: 107.5; Fuel: 216.0; Tile: ROAD
2019-05-13 05:28:00 INFO  Car - Speed:   1.0; Angle:   EAST; Position:  7,13; Parcels:      1; Health: 107.5; Health Usage: 107.5; Fuel: 215.0; Tile: ROAD
2019-05-13 05:28:01 INFO  Car - Speed:   1.0; Angle:   EAST; Position:  8,13; Parcels:      1; Health: 107.5; Health Usage: 107.5; Fuel: 214.0; Tile: ROAD
2019-05-13 05:28:01 INFO  Car - Speed:   1.0; Angle:   EAST; Position:  9,13; Parcels:      1; Health: 107.5; Health Usage: 107.5; Fuel: 213.0; Tile: ROAD
2019-05-13 05:28:01 INFO  Car - Speed:   1.0; Angle:   EAST; Position: 10,13; Parcels:      1; Health: 107.5; Health Usage: 107.5; Fuel: 212.0; Tile: ROAD
2019-05-13 05:28:01 INFO  Car - Speed:   1.0; Angle:   EAST; Position: 11,13; Parcels:      1; Health: 107.5; Health Usage: 107.5; Fuel: 211.0; Tile: ROAD
2019-05-13 05:28:02 INFO  Car - Speed:   1.0; Angle:   EAST; Position: 12,13; Parcels:      1; Health: 107.5; Health Usage: 107.5; Fuel: 210.0; Tile: ROAD
2019-05-13 05:28:02 INFO  Car - Speed:   1.0; Angle:   EAST; Position: 13,13; Parcels:      1; Health: 107.5; Health Usage: 107.5; Fuel: 209.0; Tile: ROAD
2019-05-13 05:28:02 INFO  Car - Speed:   1.0; Angle:   EAST; Position: 14,13; Parcels:      1; Health: 107.5; Health Usage: 107.5; Fuel: 208.0; Tile: ROAD
2019-05-13 05:28:02 INFO  Car - Speed:   1.0; Angle:   EAST; Position: 15,13; Parcels:      1; Health: 102.5; Health Usage: 107.5; Fuel: 207.0; Tile: TRAP(lava)
2019-05-13 05:28:03 INFO  Car - Speed:   1.0; Angle:   EAST; Position: 16,13; Parcels:      2; Health: 102.5; Health Usage: 107.5; Fuel: 206.0; Tile: ROAD
2019-05-13 05:28:03 INFO  Car - Speed:   1.0; Angle:   EAST; Position: 17,13; Parcels:      2; Health: 107.5; Health Usage: 112.5; Fuel: 205.0; Tile: ROAD
2019-05-13 05:28:03 INFO  Car - Speed:   1.0; Angle:  NORTH; Position: 17,14; Parcels:      2; Health: 112.5; Health Usage: 117.5; Fuel: 204.0; Tile: ROAD
2019-05-13 05:28:03 INFO  Car - Speed:   1.0; Angle:   WEST; Position: 16,14; Parcels:      2; Health: 107.5; Health Usage: 117.5; Fuel: 203.0; Tile: TRAP(lava)
2019-05-13 05:28:04 INFO  Car - Speed:   1.0; Angle:   WEST; Position: 15,14; Parcels:      2; Health: 102.5; Health Usage: 117.5; Fuel: 202.0; Tile: TRAP(lava)
2019-05-13 05:28:04 INFO  Car - Speed:   1.0; Angle:   WEST; Position: 14,14; Parcels:      2; Health: 102.5; Health Usage: 117.5; Fuel: 201.0; Tile: ROAD
2019-05-13 05:28:04 INFO  Car - Speed:   1.0; Angle:   WEST; Position: 13,14; Parcels:      2; Health: 102.5; Health Usage: 117.5; Fuel: 200.0; Tile: ROAD
2019-05-13 05:28:04 INFO  Car - Speed:   1.0; Angle:   WEST; Position: 12,14; Parcels:      2; Health: 102.5; Health Usage: 117.5; Fuel: 199.0; Tile: ROAD
2019-05-13 05:28:05 INFO  Car - Speed:   0.0; Angle:  SOUTH; Position: 12,14; Parcels:      2; Health: 102.5; Health Usage: 117.5; Fuel: 199.0; Tile: ROAD
2019-05-13 05:28:05 INFO  Car - Speed:   0.0; Angle:  SOUTH; Position: 12,14; Parcels:      2; Health: 102.5; Health Usage: 117.5; Fuel: 199.0; Tile: ROAD
2019-05-13 05:28:05 INFO  Car - Speed:   0.0; Angle:  SOUTH; Position: 12,14; Parcels:      2; Health: 102.5; Health Usage: 117.5; Fuel: 199.0; Tile: ROAD
2019-05-13 05:28:05 INFO  Car - Speed:   0.0; Angle:  SOUTH; Position: 12,14; Parcels:      2; Health: 102.5; Health Usage: 117.5; Fuel: 199.0; Tile: ROAD
2019-05-13 05:28:06 INFO  Car - Speed:   0.0; Angle:  SOUTH; Position: 12,14; Parcels:      2; Health: 102.5; Health Usage: 117.5; Fuel: 199.0; Tile: ROAD
2019-05-13 05:28:06 INFO  Car - Speed:   0.0; Angle:  SOUTH; Position: 12,14; Parcels:      2; Health: 102.5; Health Usage: 117.5; Fuel: 199.0; Tile: ROAD
2019-05-13 05:28:06 INFO  Car - Speed:   1.0; Angle:  SOUTH; Position: 12,13; Parcels:      2; Health: 102.5; Health Usage: 117.5; Fuel: 198.0; Tile: ROAD
2019-05-13 05:28:06 INFO  Car - Speed:   1.0; Angle:   EAST; Position: 13,13; Parcels:      2; Health: 102.5; Health Usage: 117.5; Fuel: 197.0; Tile: ROAD
2019-05-13 05:28:07 INFO  Car - Speed:   0.0; Angle:  SOUTH; Position: 13,13; Parcels:      2; Health:  97.5; Health Usage: 117.5; Fuel: 196.0; Tile: ROAD
2019-05-13 05:28:07 INFO  Car - Speed:   0.0; Angle:  SOUTH; Position: 13,13; Parcels:      2; Health:  97.5; Health Usage: 117.5; Fuel: 196.0; Tile: ROAD
2019-05-13 05:28:07 INFO  Car - Speed:   0.0; Angle:  SOUTH; Position: 13,13; Parcels:      2; Health:  97.5; Health Usage: 117.5; Fuel: 196.0; Tile: ROAD
2019-05-13 05:28:07 INFO  Car - Speed:   0.0; Angle:  SOUTH; Position: 13,13; Parcels:      2; Health:  97.5; Health Usage: 117.5; Fuel: 196.0; Tile: ROAD
2019-05-13 05:28:08 INFO  Car - Speed:   0.0; Angle:  SOUTH; Position: 13,13; Parcels:      2; Health:  97.5; Health Usage: 117.5; Fuel: 196.0; Tile: ROAD
2019-05-13 05:28:08 INFO  Car - Speed:   0.0; Angle:  SOUTH; Position: 13,13; Parcels:      2; Health:  97.5; Health Usage: 117.5; Fuel: 196.0; Tile: ROAD
2019-05-13 05:28:08 INFO  Car - Speed:   0.0; Angle:  SOUTH; Position: 13,13; Parcels:      2; Health:  97.5; Health Usage: 117.5; Fuel: 196.0; Tile: ROAD
2019-05-13 05:28:08 INFO  Car - Speed:   0.0; Angle:  SOUTH; Position: 13,13; Parcels:      2; Health:  97.5; Health Usage: 117.5; Fuel: 196.0; Tile: ROAD
2019-05-13 05:28:09 INFO  Car - Speed:   0.0; Angle:  SOUTH; Position: 13,13; Parcels:      2; Health:  92.5; Health Usage: 117.5; Fuel: 195.0; Tile: ROAD
2019-05-13 05:28:09 INFO  Car - Speed:   0.0; Angle:  SOUTH; Position: 13,13; Parcels:      2; Health:  92.5; Health Usage: 117.5; Fuel: 195.0; Tile: ROAD
2019-05-13 05:28:09 INFO  Car - Speed:   0.0; Angle:  SOUTH; Position: 13,13; Parcels:      2; Health:  92.5; Health Usage: 117.5; Fuel: 195.0; Tile: ROAD
2019-05-13 05:28:09 INFO  Car - Speed:   0.0; Angle:  SOUTH; Position: 13,13; Parcels:      2; Health:  92.5; Health Usage: 117.5; Fuel: 195.0; Tile: ROAD
2019-05-13 05:28:10 INFO  Car - Speed:   1.0; Angle:  SOUTH; Position: 13,14; Parcels:      2; Health:  92.5; Health Usage: 117.5; Fuel: 194.0; Tile: ROAD
2019-05-13 05:28:10 INFO  Car - Speed:   1.0; Angle:  SOUTH; Position: 13,15; Parcels:      2; Health:  92.5; Health Usage: 117.5; Fuel: 193.0; Tile: ROAD
2019-05-13 05:28:10 INFO  Car - Speed:   1.0; Angle:  SOUTH; Position: 13,16; Parcels:      2; Health:  92.5; Health Usage: 117.5; Fuel: 192.0; Tile: ROAD
2019-05-13 05:28:10 INFO  Car - Speed:   0.0; Angle:   EAST; Position: 13,16; Parcels:      2; Health:  87.5; Health Usage: 117.5; Fuel: 191.0; Tile: ROAD
2019-05-13 05:28:11 INFO  Car - Speed:   1.0; Angle:   EAST; Position: 14,16; Parcels:      2; Health:  87.5; Health Usage: 117.5; Fuel: 190.0; Tile: ROAD
2019-05-13 05:28:11 INFO  Car - Speed:   1.0; Angle:   EAST; Position: 15,16; Parcels:      2; Health:  82.5; Health Usage: 117.5; Fuel: 189.0; Tile: TRAP(lava)
2019-05-13 05:28:11 INFO  Car - Speed:   1.0; Angle:   EAST; Position: 16,16; Parcels:      2; Health:  77.5; Health Usage: 117.5; Fuel: 188.0; Tile: TRAP(lava)
2019-05-13 05:28:11 INFO  Car - Speed:   1.0; Angle:   EAST; Position: 17,16; Parcels:      2; Health:  82.5; Health Usage: 122.5; Fuel: 187.0; Tile: ROAD
2019-05-13 05:28:12 INFO  Car - Speed:   1.0; Angle:  SOUTH; Position: 17,15; Parcels:      2; Health:  87.5; Health Usage: 127.5; Fuel: 186.0; Tile: ROAD
2019-05-13 05:28:12 INFO  Car - Speed:   1.0; Angle:  SOUTH; Position: 17,14; Parcels:      2; Health:  87.5; Health Usage: 127.5; Fuel: 185.0; Tile: ROAD
2019-05-13 05:28:12 INFO  Car - Speed:   1.0; Angle:   WEST; Position: 16,14; Parcels:      2; Health:  82.5; Health Usage: 127.5; Fuel: 184.0; Tile: TRAP(lava)
2019-05-13 05:28:12 INFO  Car - Speed:   1.0; Angle:   WEST; Position: 15,14; Parcels:      2; Health:  77.5; Health Usage: 127.5; Fuel: 183.0; Tile: TRAP(lava)
2019-05-13 05:28:13 INFO  Car - Speed:   1.0; Angle:   WEST; Position: 14,14; Parcels:      2; Health:  77.5; Health Usage: 127.5; Fuel: 182.0; Tile: ROAD
2019-05-13 05:28:13 INFO  Car - Speed:   1.0; Angle:   WEST; Position: 13,14; Parcels:      2; Health:  77.5; Health Usage: 127.5; Fuel: 181.0; Tile: ROAD
2019-05-13 05:28:13 INFO  Car - Speed:   1.0; Angle:   WEST; Position: 12,14; Parcels:      2; Health:  77.5; Health Usage: 127.5; Fuel: 180.0; Tile: ROAD
2019-05-13 05:28:13 INFO  Car - Speed:   1.0; Angle:   WEST; Position: 11,14; Parcels:      2; Health:  77.5; Health Usage: 127.5; Fuel: 179.0; Tile: ROAD
2019-05-13 05:28:14 INFO  Car - Speed:   1.0; Angle:   WEST; Position: 10,14; Parcels:      2; Health:  77.5; Health Usage: 127.5; Fuel: 178.0; Tile: ROAD
2019-05-13 05:28:14 INFO  Car - Speed:   1.0; Angle:   WEST; Position:  9,14; Parcels:      2; Health:  77.5; Health Usage: 127.5; Fuel: 177.0; Tile: ROAD
2019-05-13 05:28:14 INFO  Car - Speed:   1.0; Angle:   WEST; Position:  8,14; Parcels:      2; Health:  77.5; Health Usage: 127.5; Fuel: 176.0; Tile: ROAD
2019-05-13 05:28:14 INFO  Car - Speed:   1.0; Angle:  SOUTH; Position:  8,13; Parcels:      2; Health:  77.5; Health Usage: 127.5; Fuel: 175.0; Tile: ROAD
2019-05-13 05:28:15 INFO  Car - Speed:   1.0; Angle:  SOUTH; Position:  8,12; Parcels:      2; Health:  77.5; Health Usage: 127.5; Fuel: 174.0; Tile: ROAD
2019-05-13 05:28:15 INFO  Car - Speed:   1.0; Angle:  SOUTH; Position:  8,11; Parcels:      2; Health:  77.5; Health Usage: 127.5; Fuel: 173.0; Tile: ROAD
2019-05-13 05:28:15 INFO  Car - Speed:   1.0; Angle:  SOUTH; Position:  8,10; Parcels:      2; Health:  77.5; Health Usage: 127.5; Fuel: 172.0; Tile: ROAD
2019-05-13 05:28:15 INFO  Car - Speed:   1.0; Angle:  SOUTH; Position:   8,9; Parcels:      2; Health:  77.5; Health Usage: 127.5; Fuel: 171.0; Tile: ROAD
2019-05-13 05:28:16 INFO  Car - Speed:   1.0; Angle:  SOUTH; Position:   8,8; Parcels:      2; Health:  77.5; Health Usage: 127.5; Fuel: 170.0; Tile: ROAD
2019-05-13 05:28:16 INFO  Car - Speed:   1.0; Angle:  SOUTH; Position:   8,7; Parcels:      2; Health:  77.5; Health Usage: 127.5; Fuel: 169.0; Tile: ROAD
2019-05-13 05:28:16 INFO  Car - Speed:   1.0; Angle:  SOUTH; Position:   8,6; Parcels:      2; Health:  77.5; Health Usage: 127.5; Fuel: 168.0; Tile: ROAD
2019-05-13 05:28:16 INFO  Car - Speed:   1.0; Angle:  SOUTH; Position:   8,5; Parcels:      2; Health:  77.5; Health Usage: 127.5; Fuel: 167.0; Tile: ROAD
2019-05-13 05:28:17 INFO  Car - Speed:   1.0; Angle:  SOUTH; Position:   8,4; Parcels:      2; Health:  77.5; Health Usage: 127.5; Fuel: 166.0; Tile: ROAD
2019-05-13 05:28:17 INFO  Car - Speed:   1.0; Angle:  SOUTH; Position:   8,3; Parcels:      2; Health:  77.5; Health Usage: 127.5; Fuel: 165.0; Tile: ROAD
2019-05-13 05:28:17 INFO  Car - Speed:   1.0; Angle:  SOUTH; Position:   8,2; Parcels:      2; Health:  77.5; Health Usage: 127.5; Fuel: 164.0; Tile: ROAD
2019-05-13 05:28:17 INFO  Car - Speed:   1.0; Angle:   EAST; Position:   9,2; Parcels:      2; Health:  77.5; Health Usage: 127.5; Fuel: 163.0; Tile: ROAD
2019-05-13 05:28:18 INFO  Car - Speed:   1.0; Angle:  NORTH; Position:   9,3; Parcels:      2; Health:  77.5; Health Usage: 127.5; Fuel: 162.0; Tile: ROAD
2019-05-13 05:28:18 INFO  Car - Speed:   1.0; Angle:   WEST; Position:   8,3; Parcels:      2; Health:  77.5; Health Usage: 127.5; Fuel: 161.0; Tile: ROAD
2019-05-13 05:28:18 INFO  Car - Speed:   1.0; Angle:  SOUTH; Position:   8,2; Parcels:      2; Health:  77.5; Health Usage: 127.5; Fuel: 160.0; Tile: ROAD
2019-05-13 05:28:18 INFO  Car - Speed:   1.0; Angle:   EAST; Position:   9,2; Parcels:      2; Health:  77.5; Health Usage: 127.5; Fuel: 159.0; Tile: ROAD
2019-05-13 05:28:19 INFO  Car - Speed:   1.0; Angle:   EAST; Position:  10,2; Parcels:      2; Health:  77.5; Health Usage: 127.5; Fuel: 158.0; Tile: ROAD
2019-05-13 05:28:19 INFO  Car - Speed:   1.0; Angle:  NORTH; Position:  10,3; Parcels:      2; Health:  77.5; Health Usage: 127.5; Fuel: 157.0; Tile: ROAD
2019-05-13 05:28:19 INFO  Car - Speed:   1.0; Angle:   WEST; Position:   9,3; Parcels:      2; Health:  77.5; Health Usage: 127.5; Fuel: 156.0; Tile: ROAD
2019-05-13 05:28:19 INFO  Car - Speed:   1.0; Angle:  SOUTH; Position:   9,2; Parcels:      2; Health:  77.5; Health Usage: 127.5; Fuel: 155.0; Tile: ROAD
2019-05-13 05:28:20 INFO  Car - Speed:   0.0; Angle:  SOUTH; Position:   9,2; Parcels:      2; Health:  72.5; Health Usage: 127.5; Fuel: 154.0; Tile: ROAD
2019-05-13 05:28:20 INFO  Car - Speed:   0.0; Angle:  SOUTH; Position:   9,2; Parcels:      2; Health:  72.5; Health Usage: 127.5; Fuel: 154.0; Tile: ROAD
2019-05-13 05:28:20 INFO  Car - Speed:   0.0; Angle:  SOUTH; Position:   9,2; Parcels:      2; Health:  72.5; Health Usage: 127.5; Fuel: 154.0; Tile: ROAD
2019-05-13 05:28:20 INFO  Car - Speed:   0.0; Angle:  SOUTH; Position:   9,2; Parcels:      2; Health:  72.5; Health Usage: 127.5; Fuel: 154.0; Tile: ROAD
2019-05-13 05:28:21 INFO  Car - Speed:   0.0; Angle:  SOUTH; Position:   9,2; Parcels:      2; Health:  72.5; Health Usage: 127.5; Fuel: 154.0; Tile: ROAD
2019-05-13 05:28:21 INFO  Car - Speed:   0.0; Angle:  SOUTH; Position:   9,2; Parcels:      2; Health:  72.5; Health Usage: 127.5; Fuel: 154.0; Tile: ROAD
2019-05-13 05:28:21 INFO  Car - Speed:   0.0; Angle:  SOUTH; Position:   9,2; Parcels:      2; Health:  72.5; Health Usage: 127.5; Fuel: 154.0; Tile: ROAD
2019-05-13 05:28:21 INFO  Car - Speed:   0.0; Angle:  SOUTH; Position:   9,2; Parcels:      2; Health:  72.5; Health Usage: 127.5; Fuel: 154.0; Tile: ROAD
2019-05-13 05:28:22 INFO  Car - Speed:   0.0; Angle:  SOUTH; Position:   9,2; Parcels:      2; Health:  72.5; Health Usage: 127.5; Fuel: 154.0; Tile: ROAD
2019-05-13 05:28:22 INFO  Car - Speed:   1.0; Angle:  SOUTH; Position:   9,3; Parcels:      2; Health:  72.5; Health Usage: 127.5; Fuel: 153.0; Tile: ROAD
2019-05-13 05:28:22 INFO  Car - Speed:   1.0; Angle:  SOUTH; Position:   9,4; Parcels:      2; Health:  72.5; Health Usage: 127.5; Fuel: 152.0; Tile: ROAD
2019-05-13 05:28:22 INFO  Car - Speed:   0.0; Angle:  SOUTH; Position:   9,4; Parcels:      2; Health:  72.5; Health Usage: 127.5; Fuel: 152.0; Tile: ROAD
2019-05-13 05:28:23 INFO  Car - Speed:   1.0; Angle:  SOUTH; Position:   9,3; Parcels:      2; Health:  72.5; Health Usage: 127.5; Fuel: 151.0; Tile: ROAD
2019-05-13 05:28:23 INFO  Car - Speed:   1.0; Angle:  SOUTH; Position:   9,2; Parcels:      2; Health:  72.5; Health Usage: 127.5; Fuel: 150.0; Tile: ROAD
2019-05-13 05:28:23 INFO  Car - Speed:   0.0; Angle:  SOUTH; Position:   9,2; Parcels:      2; Health:  67.5; Health Usage: 127.5; Fuel: 149.0; Tile: ROAD
2019-05-13 05:28:23 INFO  Car - Speed:   1.0; Angle:  SOUTH; Position:   9,3; Parcels:      2; Health:  67.5; Health Usage: 127.5; Fuel: 148.0; Tile: ROAD
2019-05-13 05:28:24 INFO  Car - Speed:   1.0; Angle:  SOUTH; Position:   9,4; Parcels:      2; Health:  67.5; Health Usage: 127.5; Fuel: 147.0; Tile: ROAD
2019-05-13 05:28:24 INFO  Car - Speed:   0.0; Angle:  SOUTH; Position:   9,4; Parcels:      2; Health:  67.5; Health Usage: 127.5; Fuel: 147.0; Tile: ROAD
2019-05-13 05:28:24 INFO  Car - Speed:   0.0; Angle:  SOUTH; Position:   9,4; Parcels:      2; Health:  67.5; Health Usage: 127.5; Fuel: 147.0; Tile: ROAD
2019-05-13 05:28:24 INFO  Car - Speed:   0.0; Angle:  SOUTH; Position:   9,4; Parcels:      2; Health:  67.5; Health Usage: 127.5; Fuel: 147.0; Tile: ROAD
2019-05-13 05:28:25 INFO  Car - Speed:   0.0; Angle:  SOUTH; Position:   9,4; Parcels:      2; Health:  67.5; Health Usage: 127.5; Fuel: 147.0; Tile: ROAD
2019-05-13 05:28:25 INFO  Car - Speed:   0.0; Angle:  SOUTH; Position:   9,4; Parcels:      2; Health:  67.5; Health Usage: 127.5; Fuel: 147.0; Tile: ROAD
2019-05-13 05:28:25 INFO  Car - Speed:   1.0; Angle:  SOUTH; Position:   9,3; Parcels:      2; Health:  67.5; Health Usage: 127.5; Fuel: 146.0; Tile: ROAD
2019-05-13 05:28:25 INFO  Car - Speed:   1.0; Angle:  SOUTH; Position:   9,2; Parcels:      2; Health:  67.5; Health Usage: 127.5; Fuel: 145.0; Tile: ROAD
2019-05-13 05:28:26 INFO  Car - Speed:   1.0; Angle:   EAST; Position:  10,2; Parcels:      2; Health:  67.5; Health Usage: 127.5; Fuel: 144.0; Tile: ROAD
2019-05-13 05:28:26 INFO  Car - Speed:   1.0; Angle:  NORTH; Position:  10,3; Parcels:      2; Health:  67.5; Health Usage: 127.5; Fuel: 143.0; Tile: ROAD
2019-05-13 05:28:26 INFO  Car - Speed:   1.0; Angle:  NORTH; Position:  10,4; Parcels:      2; Health:  67.5; Health Usage: 127.5; Fuel: 142.0; Tile: ROAD
2019-05-13 05:28:26 INFO  Car - Speed:   1.0; Angle:  NORTH; Position:  10,5; Parcels:      2; Health:  67.5; Health Usage: 127.5; Fuel: 141.0; Tile: ROAD
2019-05-13 05:28:27 INFO  Car - Speed:   1.0; Angle:   EAST; Position:  11,5; Parcels:      2; Health:  67.5; Health Usage: 127.5; Fuel: 140.0; Tile: ROAD
2019-05-13 05:28:27 INFO  Car - Speed:   1.0; Angle:   EAST; Position:  12,5; Parcels:      2; Health:  67.5; Health Usage: 127.5; Fuel: 139.0; Tile: ROAD
2019-05-13 05:28:27 INFO  Car - Speed:   1.0; Angle:  SOUTH; Position:  12,4; Parcels:      2; Health:  67.5; Health Usage: 127.5; Fuel: 138.0; Tile: ROAD
2019-05-13 05:28:27 INFO  Car - Speed:   1.0; Angle:   WEST; Position:  11,4; Parcels:      2; Health:  67.5; Health Usage: 127.5; Fuel: 137.0; Tile: ROAD
2019-05-13 05:28:28 INFO  Car - Speed:   1.0; Angle:   WEST; Position:  10,4; Parcels:      2; Health:  67.5; Health Usage: 127.5; Fuel: 136.0; Tile: ROAD
2019-05-13 05:28:28 INFO  Car - Speed:   1.0; Angle:  SOUTH; Position:  10,3; Parcels:      2; Health:  67.5; Health Usage: 127.5; Fuel: 135.0; Tile: ROAD
2019-05-13 05:28:28 INFO  Car - Speed:   1.0; Angle:   EAST; Position:  11,3; Parcels:      2; Health:  67.5; Health Usage: 127.5; Fuel: 134.0; Tile: ROAD
2019-05-13 05:28:28 INFO  Car - Speed:   1.0; Angle:   EAST; Position:  12,3; Parcels:      2; Health:  67.5; Health Usage: 127.5; Fuel: 133.0; Tile: ROAD
2019-05-13 05:28:29 INFO  Car - Speed:   1.0; Angle:   EAST; Position:  13,3; Parcels:      2; Health:  72.5; Health Usage: 132.5; Fuel: 132.0; Tile: ROAD
2019-05-13 05:28:29 INFO  Car - Speed:   1.0; Angle:   EAST; Position:  14,3; Parcels:      2; Health:  77.5; Health Usage: 137.5; Fuel: 131.0; Tile: ROAD
2019-05-13 05:28:29 INFO  Car - Speed:   1.0; Angle:  SOUTH; Position:  14,2; Parcels:      2; Health:  77.5; Health Usage: 137.5; Fuel: 130.0; Tile: ROAD
2019-05-13 05:28:29 INFO  Car - Speed:   1.0; Angle:   WEST; Position:  13,2; Parcels:      2; Health:  77.5; Health Usage: 137.5; Fuel: 129.0; Tile: ROAD
2019-05-13 05:28:30 INFO  Car - Speed:   1.0; Angle:   WEST; Position:  12,2; Parcels:      2; Health:  77.5; Health Usage: 137.5; Fuel: 128.0; Tile: ROAD
2019-05-13 05:28:30 INFO  Car - Speed:   1.0; Angle:  NORTH; Position:  12,3; Parcels:      2; Health:  77.5; Health Usage: 137.5; Fuel: 127.0; Tile: ROAD
2019-05-13 05:28:30 INFO  Car - Speed:   1.0; Angle:   EAST; Position:  13,3; Parcels:      2; Health:  77.5; Health Usage: 137.5; Fuel: 126.0; Tile: ROAD
2019-05-13 05:28:30 INFO  Car - Speed:   1.0; Angle:   EAST; Position:  14,3; Parcels:      2; Health:  77.5; Health Usage: 137.5; Fuel: 125.0; Tile: ROAD
2019-05-13 05:28:31 INFO  Car - Speed:   1.0; Angle:  SOUTH; Position:  14,2; Parcels:      2; Health:  77.5; Health Usage: 137.5; Fuel: 124.0; Tile: ROAD
2019-05-13 05:28:31 INFO  Car - Speed:   1.0; Angle:   EAST; Position:  15,2; Parcels:      2; Health:  77.5; Health Usage: 137.5; Fuel: 123.0; Tile: ROAD
2019-05-13 05:28:31 INFO  Car - Speed:   1.0; Angle:   EAST; Position:  16,2; Parcels:      2; Health:  77.5; Health Usage: 137.5; Fuel: 122.0; Tile: ROAD
2019-05-13 05:28:31 INFO  Car - Speed:   1.0; Angle:   EAST; Position:  17,2; Parcels:      2; Health:  77.5; Health Usage: 137.5; Fuel: 121.0; Tile: ROAD
2019-05-13 05:28:32 INFO  Car - Speed:   1.0; Angle:   EAST; Position:  18,2; Parcels:      2; Health:  72.5; Health Usage: 137.5; Fuel: 120.0; Tile: TRAP(lava)
2019-05-13 05:28:32 INFO  Car - Speed:   1.0; Angle:   EAST; Position:  19,2; Parcels:      3; Health:  72.5; Health Usage: 137.5; Fuel: 119.0; Tile: ROAD
2019-05-13 05:28:32 INFO  Car - Speed:   1.0; Angle:   EAST; Position:  20,2; Parcels:      3; Health:  72.5; Health Usage: 137.5; Fuel: 118.0; Tile: ROAD
2019-05-13 05:28:32 INFO  Car - Speed:   1.0; Angle:   EAST; Position:  21,2; Parcels:      3; Health:  72.5; Health Usage: 137.5; Fuel: 117.0; Tile: ROAD
2019-05-13 05:28:33 INFO  Car - Speed:   1.0; Angle:   EAST; Position:  22,2; Parcels:      3; Health:  72.5; Health Usage: 137.5; Fuel: 116.0; Tile: ROAD
2019-05-13 05:28:33 INFO  Car - Speed:   1.0; Angle:  NORTH; Position:  22,3; Parcels:      3; Health:  72.5; Health Usage: 137.5; Fuel: 115.0; Tile: ROAD
2019-05-13 05:28:33 INFO  Car - Speed:   1.0; Angle:  NORTH; Position:  22,4; Parcels:      3; Health:  72.5; Health Usage: 137.5; Fuel: 114.0; Tile: ROAD
2019-05-13 05:28:33 INFO  Car - Speed:   1.0; Angle:   EAST; Position:  23,4; Parcels:      3; Health:  72.5; Health Usage: 137.5; Fuel: 113.0; Tile: ROAD
2019-05-13 05:28:34 INFO  Car - Speed:   1.0; Angle:  NORTH; Position:  23,5; Parcels:      3; Health:  72.5; Health Usage: 137.5; Fuel: 112.0; Tile: ROAD
2019-05-13 05:28:34 INFO  Car - Speed:   1.0; Angle:  NORTH; Position:  23,6; Parcels:      3; Health:  72.5; Health Usage: 137.5; Fuel: 111.0; Tile: ROAD
2019-05-13 05:28:34 INFO  Car - Speed:   1.0; Angle:  NORTH; Position:  23,7; Parcels:      3; Health:  72.5; Health Usage: 137.5; Fuel: 110.0; Tile: ROAD
2019-05-13 05:28:34 INFO  Car - Speed:   1.0; Angle:  NORTH; Position:  23,8; Parcels:      3; Health:  72.5; Health Usage: 137.5; Fuel: 109.0; Tile: ROAD
2019-05-13 05:28:35 INFO  Car - Speed:   1.0; Angle:  NORTH; Position:  23,9; Parcels:      3; Health:  72.5; Health Usage: 137.5; Fuel: 108.0; Tile: ROAD
2019-05-13 05:28:35 INFO  Car - Speed:   1.0; Angle:  NORTH; Position: 23,10; Parcels:      3; Health:  72.5; Health Usage: 137.5; Fuel: 107.0; Tile: ROAD
2019-05-13 05:28:35 INFO  Car - Speed:   1.0; Angle:  NORTH; Position: 23,11; Parcels:      3; Health:  72.5; Health Usage: 137.5; Fuel: 106.0; Tile: ROAD
2019-05-13 05:28:35 INFO  Car - Speed:   1.0; Angle:  NORTH; Position: 23,12; Parcels:      3; Health:  72.5; Health Usage: 137.5; Fuel: 105.0; Tile: ROAD
2019-05-13 05:28:36 INFO  Car - Speed:   1.0; Angle:  NORTH; Position: 23,13; Parcels:      3; Health:  72.5; Health Usage: 137.5; Fuel: 104.0; Tile: ROAD
2019-05-13 05:28:36 INFO  Car - Speed:   1.0; Angle:  NORTH; Position: 23,14; Parcels:      3; Health:  72.5; Health Usage: 137.5; Fuel: 103.0; Tile: ROAD
2019-05-13 05:28:36 INFO  Car - Speed:   1.0; Angle:  NORTH; Position: 23,15; Parcels:      4; Health:  72.5; Health Usage: 137.5; Fuel: 102.0; Tile: ROAD
2019-05-13 05:28:36 INFO  Car - Speed:   1.0; Angle:  NORTH; Position: 23,16; Parcels:      4; Health:  72.5; Health Usage: 137.5; Fuel: 101.0; Tile: FINISH
